
/home/runner/work/exp-delay-generation-and-effect-coep/exp-delay-generation-and-effect-coep/experiment/simulation/lib/jquery.js
  2:58     warning  'module' is not defined                                                    no-undef
  2:73     warning  'module' is not defined                                                    no-undef
  2:6324   warning  Expected a conditional expression and instead saw an assignment            no-cond-assign
  2:6580   warning  Expected a conditional expression and instead saw an assignment            no-cond-assign
  2:7011   warning  Expected a conditional expression and instead saw an assignment            no-cond-assign
  2:7270   warning  Empty block statement                                                      no-empty
  2:7839   warning  Expected a conditional expression and instead saw an assignment            no-cond-assign
  2:9709   warning  Expected a conditional expression and instead saw an assignment            no-cond-assign
  2:11311  warning  Expected a conditional expression and instead saw an assignment            no-cond-assign
  2:11887  warning  Expected a conditional expression and instead saw an assignment            no-cond-assign
  2:11925  warning  Expected a conditional expression and instead saw an assignment            no-cond-assign
  2:12343  warning  Empty block statement                                                      no-empty
  2:12906  warning  Expected a conditional expression and instead saw an assignment            no-cond-assign
  2:13218  warning  Expected a conditional expression and instead saw an assignment            no-cond-assign
  2:15046  warning  Expected a conditional expression and instead saw an assignment            no-cond-assign
  2:15317  warning  Expected a conditional expression and instead saw an assignment            no-cond-assign
  2:15517  warning  Expected a conditional expression and instead saw an assignment            no-cond-assign
  2:15893  warning  Do not access Object.prototype method 'hasOwnProperty' from target object  no-prototype-builtins
  2:16598  warning  Expected a conditional expression and instead saw an assignment            no-cond-assign
  2:18982  warning  Expected a conditional expression and instead saw an assignment            no-cond-assign
  2:19073  warning  Expected a conditional expression and instead saw an assignment            no-cond-assign
  2:19133  warning  Expected a conditional expression and instead saw an assignment            no-cond-assign
  2:20435  warning  Expected a conditional expression and instead saw an assignment            no-cond-assign
  2:21049  warning  Expected a conditional expression and instead saw an assignment            no-cond-assign
  2:21160  warning  Expected a conditional expression and instead saw an assignment            no-cond-assign
  2:23420  warning  Unnecessary escape character: \[                                           no-useless-escape
  2:23422  warning  Unnecessary escape character: \.                                           no-useless-escape
  2:30761  warning  Empty block statement                                                      no-empty
  2:31981  warning  Empty block statement                                                      no-empty
  3:7811   warning  Expected a conditional expression and instead saw an assignment            no-cond-assign
  3:7951   warning  Expected a conditional expression and instead saw an assignment            no-cond-assign
  3:8441   warning  Empty block statement                                                      no-empty
  3:11852  warning  Empty block statement                                                      no-empty
  3:14493  warning  Empty block statement                                                      no-empty
  3:24051  warning  Empty block statement                                                      no-empty
  3:26100  warning  Move function declaration to function body root                            no-inner-declarations
  3:30714  warning  Empty block statement                                                      no-empty
  4:2546   warning  Expected a conditional expression and instead saw an assignment            no-cond-assign
  4:5062   warning  Expected a conditional expression and instead saw an assignment            no-cond-assign
  4:11701  warning  Expected a conditional expression and instead saw an assignment            no-cond-assign
  4:13447  warning  Empty block statement                                                      no-empty
  4:14747  warning  Expected a conditional expression and instead saw an assignment            no-cond-assign
  4:14827  warning  Expected a conditional expression and instead saw an assignment            no-cond-assign
  4:15164  warning  Expected a conditional expression and instead saw an assignment            no-cond-assign
  4:15244  warning  Expected a conditional expression and instead saw an assignment            no-cond-assign
  4:15659  warning  Expected a conditional expression and instead saw an assignment            no-cond-assign
  4:15915  warning  Expected a conditional expression and instead saw an assignment            no-cond-assign
  4:16492  warning  Unnecessary escape character: \/                                           no-useless-escape
  4:17365  warning  Unnecessary escape character: \/                                           no-useless-escape
  4:17377  warning  Unnecessary escape character: \/                                           no-useless-escape
  4:17610  warning  Expected a conditional expression and instead saw an assignment            no-cond-assign
  4:20109  warning  Expected a conditional expression and instead saw an assignment            no-cond-assign
  4:22009  warning  Expected a conditional expression and instead saw an assignment            no-cond-assign
  4:27128  warning  Empty block statement                                                      no-empty
  4:27205  warning  Empty block statement                                                      no-empty
  5:812    warning  'define' is not defined                                                    no-undef
  5:824    warning  'define' is not defined                                                    no-undef

/home/runner/work/exp-delay-generation-and-effect-coep/exp-delay-generation-and-effect-coep/experiment/simulation/lib/jquery.min.js
  2:71     warning  'module' is not defined                                                    no-undef
  2:86     warning  'module' is not defined                                                    no-undef
  2:5433   warning  Unexpected control character(s) in regular expression: \x1f, \x1f          no-control-regex
  2:5916   warning  Expected a conditional expression and instead saw an assignment            no-cond-assign
  2:6170   warning  Expected a conditional expression and instead saw an assignment            no-cond-assign
  2:6614   warning  Expected a conditional expression and instead saw an assignment            no-cond-assign
  2:7404   warning  Expected a conditional expression and instead saw an assignment            no-cond-assign
  2:9497   warning  Expected a conditional expression and instead saw an assignment            no-cond-assign
  2:9807   warning  Expected a conditional expression and instead saw an assignment            no-cond-assign
  2:11608  warning  Expected a conditional expression and instead saw an assignment            no-cond-assign
  2:12183  warning  Expected a conditional expression and instead saw an assignment            no-cond-assign
  2:12221  warning  Expected a conditional expression and instead saw an assignment            no-cond-assign
  2:13234  warning  Expected a conditional expression and instead saw an assignment            no-cond-assign
  2:13546  warning  Expected a conditional expression and instead saw an assignment            no-cond-assign
  2:15374  warning  Expected a conditional expression and instead saw an assignment            no-cond-assign
  2:15645  warning  Expected a conditional expression and instead saw an assignment            no-cond-assign
  2:15843  warning  Expected a conditional expression and instead saw an assignment            no-cond-assign
  2:16217  warning  Do not access Object.prototype method 'hasOwnProperty' from target object  no-prototype-builtins
  2:16907  warning  Expected a conditional expression and instead saw an assignment            no-cond-assign
  2:18727  warning  Expected a conditional expression and instead saw an assignment            no-cond-assign
  2:18827  warning  Expected a conditional expression and instead saw an assignment            no-cond-assign
  2:18887  warning  Expected a conditional expression and instead saw an assignment            no-cond-assign
  2:19071  warning  Expected a conditional expression and instead saw an assignment            no-cond-assign
  2:20240  warning  Expected a conditional expression and instead saw an assignment            no-cond-assign
  2:21514  warning  Expected a conditional expression and instead saw an assignment            no-cond-assign
  2:21625  warning  Expected a conditional expression and instead saw an assignment            no-cond-assign
  2:23791  warning  Unnecessary escape character: \/                                           no-useless-escape
  2:33395  warning  Empty block statement                                                      no-empty
  2:37269  warning  Unnecessary escape character: \/                                           no-useless-escape
  2:38490  warning  Expected a conditional expression and instead saw an assignment            no-cond-assign
  2:38606  warning  Expected a conditional expression and instead saw an assignment            no-cond-assign
  2:39234  warning  Empty block statement                                                      no-empty
  2:46727  warning  Unnecessary escape character: \/                                           no-useless-escape
  2:49033  warning  Expected a conditional expression and instead saw an assignment            no-cond-assign
  2:50593  warning  Empty block statement                                                      no-empty
  2:58406  warning  Expected a conditional expression and instead saw an assignment            no-cond-assign
  2:59575  warning  Expected a conditional expression and instead saw an assignment            no-cond-assign
  2:65215  warning  Expected a conditional expression and instead saw an assignment            no-cond-assign
  2:66958  warning  Expected a conditional expression and instead saw an assignment            no-cond-assign
  2:67024  warning  Expected a conditional expression and instead saw an assignment            no-cond-assign
  2:67328  warning  Expected a conditional expression and instead saw an assignment            no-cond-assign
  2:67394  warning  Expected a conditional expression and instead saw an assignment            no-cond-assign
  2:67801  warning  Expected a conditional expression and instead saw an assignment            no-cond-assign
  2:68078  warning  Expected a conditional expression and instead saw an assignment            no-cond-assign
  2:73449  warning  Expected a conditional expression and instead saw an assignment            no-cond-assign
  2:75043  warning  Expected a conditional expression and instead saw an assignment            no-cond-assign
  2:75823  warning  'r.href' is assigned to itself                                             no-self-assign
  2:80414  warning  Empty block statement                                                      no-empty
  2:83525  warning  Expected a conditional expression and instead saw an assignment            no-cond-assign
  2:87869  warning  'define' is not defined                                                    no-undef
  2:87881  warning  'define' is not defined                                                    no-undef

/home/runner/work/exp-delay-generation-and-effect-coep/exp-delay-generation-and-effect-coep/experiment/simulation/lib/raphael.js
  5800:60  error  Parsing error: Deleting local variable in strict mode

/home/runner/work/exp-delay-generation-and-effect-coep/exp-delay-generation-and-effect-coep/experiment/simulation/lib/raphael.min.js
  1:66     warning  'module' is not defined                                                                                                                          no-undef
  1:112    warning  'define' is not defined                                                                                                                          no-undef
  1:123    warning  'define' is not defined                                                                                                                          no-undef
  1:161    warning  'exports' is not defined                                                                                                                         no-undef
  1:1566   warning  'DocumentTouch' is not defined                                                                                                                   no-undef
  1:2001   warning  Unnecessary escape character: \.                                                                                                                 no-useless-escape
  1:2017   warning  Unnecessary escape character: \.                                                                                                                 no-useless-escape
  1:2033   warning  Unnecessary escape character: \.                                                                                                                 no-useless-escape
  1:2052   warning  Unnecessary escape character: \.                                                                                                                 no-useless-escape
  1:2081   warning  Unnecessary escape character: \.                                                                                                                 no-useless-escape
  1:2110   warning  Unnecessary escape character: \.                                                                                                                 no-useless-escape
  1:2126   warning  Unnecessary escape character: \.                                                                                                                 no-useless-escape
  1:2145   warning  Unnecessary escape character: \.                                                                                                                 no-useless-escape
  1:2174   warning  Unnecessary escape character: \.                                                                                                                 no-useless-escape
  1:2203   warning  Unnecessary escape character: \.                                                                                                                 no-useless-escape
  1:2219   warning  Unnecessary escape character: \.                                                                                                                 no-useless-escape
  1:2238   warning  Unnecessary escape character: \.                                                                                                                 no-useless-escape
  1:2346   warning  Unnecessary escape character: \)                                                                                                                 no-useless-escape
  1:3257   warning  Unexpected control character(s) in regular expression: \x09, \x0a, \x0b, \x0c, \x0d, \x09, \x0a, \x0b, \x0c, \x0d                                no-control-regex
  1:3582   warning  Unexpected control character(s) in regular expression: \x09, \x0a, \x0b, \x0c, \x0d, \x09, \x0a, \x0b, \x0c, \x0d, \x09, \x0a, \x0b, \x0c, \x0d  no-control-regex
  1:3756   warning  Unnecessary escape character: \-                                                                                                                 no-useless-escape
  1:4055   warning  Unexpected control character(s) in regular expression: \x09, \x0a, \x0b, \x0c, \x0d, \x09, \x0a, \x0b, \x0c, \x0d, \x09, \x0a, \x0b, \x0c, \x0d  no-control-regex
  1:4222   warning  Unnecessary escape character: \-                                                                                                                 no-useless-escape
  1:4521   warning  Unexpected control character(s) in regular expression: \x09, \x0a, \x0b, \x0c, \x0d, \x09, \x0a, \x0b, \x0c, \x0d                                no-control-regex
  1:4539   warning  Unnecessary escape character: \-                                                                                                                 no-useless-escape
  1:4856   warning  Unexpected control character(s) in regular expression: \x09, \x0a, \x0b, \x0c, \x0d, \x09, \x0a, \x0b, \x0c, \x0d                                no-control-regex
  1:5154   warning  Unnecessary escape character: \)                                                                                                                 no-useless-escape
  1:7857   warning  'ActiveXObject' is not defined                                                                                                                   no-undef
  1:7931   warning  'createPopup' is not defined                                                                                                                     no-undef
  1:19015  warning  Expected a 'break' statement before 'default'                                                                                                    no-fallthrough
  1:20113  warning  Expected a 'break' statement before 'default'                                                                                                    no-fallthrough
  1:20421  warning  Expected a 'break' statement before 'default'                                                                                                    no-fallthrough
  1:24342  warning  Unnecessary escape character: \.                                                                                                                 no-useless-escape
  1:35757  warning  't' is defined but never used                                                                                                                    no-unused-vars
  1:49075  warning  'r' is defined but never used                                                                                                                    no-unused-vars
  1:50549  warning  'i' is defined but never used                                                                                                                    no-unused-vars
  1:50598  warning  'r' is defined but never used                                                                                                                    no-unused-vars
  1:52666  warning  Unnecessary escape character: \}                                                                                                                 no-useless-escape
  1:53074  warning  Empty block statement                                                                                                                            no-empty
  1:53754  warning  Unnecessary escape character: \)                                                                                                                 no-useless-escape
  1:60967  warning  Unnecessary escape character: \-                                                                                                                 no-useless-escape
  1:72245  warning  Unnecessary escape character: \-                                                                                                                 no-useless-escape
  1:72515  warning  Unnecessary escape character: \(                                                                                                                 no-useless-escape
  1:72517  warning  Unnecessary escape character: \)                                                                                                                 no-useless-escape
  1:75570  warning  Expected a conditional expression and instead saw an assignment                                                                                  no-cond-assign
  1:77369  warning  Expected a 'break' statement before 'case'                                                                                                       no-fallthrough
  1:77405  warning  Expected a 'break' statement before 'case'                                                                                                       no-fallthrough
  1:77447  warning  Expected a 'break' statement before 'case'                                                                                                       no-fallthrough
  1:77582  warning  Expected a 'break' statement before 'case'                                                                                                       no-fallthrough
  1:77619  warning  Expected a 'break' statement before 'case'                                                                                                       no-fallthrough
  1:77661  warning  Expected a 'break' statement before 'case'                                                                                                       no-fallthrough
  1:79325  warning  Expected a 'break' statement before 'case'                                                                                                       no-fallthrough
  1:79783  warning  Expected a 'break' statement before 'case'                                                                                                       no-fallthrough
  1:79973  warning  Expected a 'break' statement before 'default'                                                                                                    no-fallthrough
  1:80032  warning  Unnecessary escape character: \-                                                                                                                 no-useless-escape
  1:89485  warning  'r' is defined but never used                                                                                                                    no-unused-vars
  1:89543  warning  Unnecessary escape character: \.                                                                                                                 no-useless-escape
  1:89545  warning  Unnecessary escape character: \/                                                                                                                 no-useless-escape
  1:90733  warning  Unnecessary escape character: \.                                                                                                                 no-useless-escape
  1:90735  warning  Unnecessary escape character: \^                                                                                                                 no-useless-escape
  1:90739  warning  Unnecessary escape character: \[                                                                                                                 no-useless-escape
  1:90741  warning  Unnecessary escape character: \-                                                                                                                 no-useless-escape
  1:90780  warning  Unnecessary escape character: \.                                                                                                                 no-useless-escape
  1:90782  warning  Unnecessary escape character: \/                                                                                                                 no-useless-escape
  1:91000  warning  Do not access Object.prototype method 'hasOwnProperty' from target object                                                                        no-prototype-builtins

/home/runner/work/exp-delay-generation-and-effect-coep/exp-delay-generation-and-effect-coep/experiment/simulation/src/configuration.js
    3:2   warning  '$' is not defined                       no-undef
    4:6   warning  '$' is not defined                       no-undef
    6:7   warning  '$' is not defined                       no-undef
    7:7   warning  '$' is not defined                       no-undef
  183:1   warning  '$' is not defined                       no-undef
  192:5   warning  'id' is assigned a value but never used  no-unused-vars
  194:1   warning  '$' is not defined                       no-undef
  195:3   warning  '$' is not defined                       no-undef
  196:26  warning  '$' is not defined                       no-undef
  201:2   warning  Mixed spaces and tabs                    no-mixed-spaces-and-tabs
  201:5   warning  '$' is not defined                       no-undef
  202:1   warning  Mixed spaces and tabs                    no-mixed-spaces-and-tabs
  202:6   warning  '$' is not defined                       no-undef
  211:1   warning  '$' is not defined                       no-undef
  212:3   warning  '$' is not defined                       no-undef
  213:14  warning  '$' is not defined                       no-undef
  219:22  warning  '$' is not defined                       no-undef
  221:3   warning  Mixed spaces and tabs                    no-mixed-spaces-and-tabs
  222:5   warning  '$' is not defined                       no-undef
  223:5   warning  '$' is not defined                       no-undef
  224:5   warning  '$' is not defined                       no-undef
  225:5   warning  '$' is not defined                       no-undef
  234:1   warning  Mixed spaces and tabs                    no-mixed-spaces-and-tabs
  240:1   warning  '$' is not defined                       no-undef
  241:3   warning  '$' is not defined                       no-undef
  242:27  warning  '$' is not defined                       no-undef
  247:4   warning  '$' is not defined                       no-undef
  253:1   warning  '$' is not defined                       no-undef
  254:3   warning  '$' is not defined                       no-undef
  255:28  warning  '$' is not defined                       no-undef
  260:4   warning  '$' is not defined                       no-undef
  270:1   warning  '$' is not defined                       no-undef
  273:3   warning  '$' is not defined                       no-undef
  280:6   warning  '$' is not defined                       no-undef
  281:6   warning  '$' is not defined                       no-undef
  282:6   warning  '$' is not defined                       no-undef
  283:6   warning  '$' is not defined                       no-undef
  296:6   warning  '$' is not defined                       no-undef
  297:6   warning  '$' is not defined                       no-undef
  298:6   warning  '$' is not defined                       no-undef
  299:6   warning  '$' is not defined                       no-undef
  314:1   warning  '$' is not defined                       no-undef
  315:3   warning  '$' is not defined                       no-undef
  316:12  warning  '$' is not defined                       no-undef
  321:2   warning  Mixed spaces and tabs                    no-mixed-spaces-and-tabs
  321:5   warning  '$' is not defined                       no-undef
  322:1   warning  Mixed spaces and tabs                    no-mixed-spaces-and-tabs
  322:6   warning  '$' is not defined                       no-undef
  330:1   warning  '$' is not defined                       no-undef
  331:2   warning  '$' is not defined                       no-undef
  332:16  warning  '$' is not defined                       no-undef
  337:2   warning  Mixed spaces and tabs                    no-mixed-spaces-and-tabs
  337:5   warning  '$' is not defined                       no-undef
  338:2   warning  Mixed spaces and tabs                    no-mixed-spaces-and-tabs
  338:5   warning  '$' is not defined                       no-undef
  339:2   warning  Mixed spaces and tabs                    no-mixed-spaces-and-tabs
  339:5   warning  '$' is not defined                       no-undef
  340:2   warning  Mixed spaces and tabs                    no-mixed-spaces-and-tabs
  340:5   warning  '$' is not defined                       no-undef
  341:2   warning  Mixed spaces and tabs                    no-mixed-spaces-and-tabs
  341:5   warning  '$' is not defined                       no-undef
  353:1   warning  '$' is not defined                       no-undef
  355:2   warning  '$' is not defined                       no-undef
  358:2   warning  '$' is not defined                       no-undef
  359:2   warning  'hexValue' is not defined                no-undef
  374:49  warning  '$' is not defined                       no-undef
  376:50  warning  '$' is not defined                       no-undef
  381:9   warning  'a11' is already defined                 no-redeclare
  382:4   warning  Mixed spaces and tabs                    no-mixed-spaces-and-tabs
  383:51  warning  '$' is not defined                       no-undef
  394:80  warning  '$' is not defined                       no-undef
  395:77  warning  '$' is not defined                       no-undef
  398:49  warning  'hexValue' is not defined                no-undef
  406:5   warning  '$' is not defined                       no-undef
  408:5   warning  '$' is not defined                       no-undef
  409:3   warning  Mixed spaces and tabs                    no-mixed-spaces-and-tabs
  410:2   warning  '$' is not defined                       no-undef
  415:1   warning  '$' is not defined                       no-undef
  419:3   warning  '$' is not defined                       no-undef
  421:3   warning  '$' is not defined                       no-undef
  423:3   warning  '$' is not defined                       no-undef
  428:1   warning  '$' is not defined                       no-undef
  431:3   warning  '$' is not defined                       no-undef
  432:15  warning  '$' is not defined                       no-undef
  433:17  warning  '$' is not defined                       no-undef
  434:18  warning  '$' is not defined                       no-undef
  435:18  warning  '$' is not defined                       no-undef
  436:14  warning  '$' is not defined                       no-undef
  437:19  warning  '$' is not defined                       no-undef
  438:4   warning  '$' is not defined                       no-undef
  439:4   warning  '$' is not defined                       no-undef
  440:4   warning  'mimic' is not defined                   no-undef
  443:3   warning  '$' is not defined                       no-undef
  450:17  warning  'jsPDF' is not defined                   no-undef
  452:26  warning  'element' is defined but never used      no-unused-vars
  452:35  warning  'renderer' is defined but never used     no-unused-vars
  458:1   warning  '$' is not defined                       no-undef
  459:1   warning  Mixed spaces and tabs                    no-mixed-spaces-and-tabs
  460:17  warning  '$' is not defined                       no-undef
  461:8   warning  Mixed spaces and tabs                    no-mixed-spaces-and-tabs
  463:4   warning  Mixed spaces and tabs                    no-mixed-spaces-and-tabs
  464:4   warning  Mixed spaces and tabs                    no-mixed-spaces-and-tabs
  478:25  warning  '$' is not defined                       no-undef

/home/runner/work/exp-delay-generation-and-effect-coep/exp-delay-generation-and-effect-coep/experiment/simulation/src/mimic.js
     3:1   warning  '$' is not defined                                         no-undef
     4:2   warning  '$' is not defined                                         no-undef
     8:14  warning  '$' is not defined                                         no-undef
    10:6   warning  '$' is not defined                                         no-undef
    11:3   warning  'width' is assigned a value but never used                 no-unused-vars
    11:11  warning  '$' is not defined                                         no-undef
    12:3   warning  'paper' is not defined                                     no-undef
    12:15  warning  'Raphael' is not defined                                   no-undef
    13:3   warning  'paper' is not defined                                     no-undef
    14:3   warning  'paper' is not defined                                     no-undef
    16:3   warning  'paper' is not defined                                     no-undef
    16:15  warning  'Raphael' is not defined                                   no-undef
    17:3   warning  'paper' is not defined                                     no-undef
    18:3   warning  'paper' is not defined                                     no-undef
    21:5   warning  'x' is assigned a value but never used                     no-unused-vars
    22:5   warning  'y' is assigned a value but never used                     no-unused-vars
    27:10  warning  'mimic' is defined but never used                          no-unused-vars
    31:4   warning  Mixed spaces and tabs                                      no-mixed-spaces-and-tabs
    33:5   warning  '$' is not defined                                         no-undef
    34:5   warning  '$' is not defined                                         no-undef
    35:5   warning  '$' is not defined                                         no-undef
    36:2   warning  '$' is not defined                                         no-undef
    40:14  warning  '$' is not defined                                         no-undef
    42:6   warning  '$' is not defined                                         no-undef
    43:3   warning  'width' is assigned a value but never used                 no-unused-vars
    43:11  warning  '$' is not defined                                         no-undef
    44:3   warning  'paper' is not defined                                     no-undef
    44:15  warning  'Raphael' is not defined                                   no-undef
    45:3   warning  'paper' is not defined                                     no-undef
    46:3   warning  'paper' is not defined                                     no-undef
    48:3   warning  'paper' is not defined                                     no-undef
    48:15  warning  'Raphael' is not defined                                   no-undef
    49:3   warning  'paper' is not defined                                     no-undef
    50:3   warning  'paper' is not defined                                     no-undef
    57:5   warning  'frequencyVal' is assigned a value but never used          no-unused-vars
    62:5   warning  'diodSelection2' is assigned a value but never used        no-unused-vars
    67:5   warning  'onTime11' is assigned a value but never used              no-unused-vars
    69:17  warning  'paper' is not defined                                     no-undef
    70:14  warning  'paper' is not defined                                     no-undef
    71:12  warning  'paper' is not defined                                     no-undef
    72:5   warning  'microcontroller' is assigned a value but never used       no-unused-vars
    72:21  warning  'paper' is not defined                                     no-undef
    74:5   warning  'Ledcircle' is assigned a value but never used             no-unused-vars
    74:15  warning  'paper' is not defined                                     no-undef
    84:8   warning  'paper' is not defined                                     no-undef
    85:8   warning  'paper' is not defined                                     no-undef
    86:10  warning  'paper' is not defined                                     no-undef
    88:2   warning  'diode' is assigned a value but never used                 no-unused-vars
    88:8   warning  'paper' is not defined                                     no-undef
    89:8   warning  'paper' is not defined                                     no-undef
    90:10  warning  'paper' is not defined                                     no-undef
    95:5   warning  'r' is assigned a value but never used                     no-unused-vars
    95:7   warning  'paper' is not defined                                     no-undef
    96:5   warning  'connection_RtoG' is assigned a value but never used       no-unused-vars
    96:21  warning  'paper' is not defined                                     no-undef
    97:13  warning  'paper' is not defined                                     no-undef
    99:13  warning  'paper' is not defined                                     no-undef
   104:17  warning  'paper' is not defined                                     no-undef
   105:17  warning  'paper' is not defined                                     no-undef
   106:17  warning  'paper' is not defined                                     no-undef
   107:17  warning  'paper' is not defined                                     no-undef
   109:17  warning  'paper' is not defined                                     no-undef
   110:17  warning  'paper' is not defined                                     no-undef
   111:17  warning  'paper' is not defined                                     no-undef
   112:17  warning  'paper' is not defined                                     no-undef
   114:5   warning  'vssCircle' is assigned a value but never used             no-unused-vars
   114:15  warning  'paper' is not defined                                     no-undef
   116:5   warning  'vddCircle' is assigned a value but never used             no-unused-vars
   116:15  warning  'paper' is not defined                                     no-undef
   117:5   warning  'vdd' is assigned a value but never used                   no-unused-vars
   117:10  warning  'paper' is not defined                                     no-undef
   118:5   warning  'vddConnection' is assigned a value but never used         no-unused-vars
   118:19  warning  'paper' is not defined                                     no-undef
   120:5   warning  'ground' is already defined                                no-redeclare
   120:5   warning  'ground' is assigned a value but never used                no-unused-vars
   120:13  warning  'paper' is not defined                                     no-undef
   121:5   warning  'groundConnection' is assigned a value but never used      no-unused-vars
   121:22  warning  'paper' is not defined                                     no-undef
   124:2   warning  '$' is not defined                                         no-undef
   126:3   warning  '$' is not defined                                         no-undef
   127:3   warning  'reset' is not defined                                     no-undef
   128:2   warning  'paper' is not defined                                     no-undef
   147:30  warning  'paper' is not defined                                     no-undef
   150:30  warning  'paper' is not defined                                     no-undef
   153:30  warning  'paper' is not defined                                     no-undef
   156:30  warning  'paper' is not defined                                     no-undef
   166:30  warning  'paper' is not defined                                     no-undef
   189:31  warning  'paper' is not defined                                     no-undef
   192:31  warning  'paper' is not defined                                     no-undef
   195:31  warning  'paper' is not defined                                     no-undef
   198:31  warning  'paper' is not defined                                     no-undef
   209:31  warning  'paper' is not defined                                     no-undef
   235:3   warning  'D0click' is assigned a value but never used               no-unused-vars
   238:3   warning  'D1click' is assigned a value but never used               no-unused-vars
   241:3   warning  'D2click' is assigned a value but never used               no-unused-vars
   244:3   warning  'D3click' is assigned a value but never used               no-unused-vars
   247:3   warning  'D4click' is assigned a value but never used               no-unused-vars
   250:3   warning  'D5click' is assigned a value but never used               no-unused-vars
   253:3   warning  'D6click' is assigned a value but never used               no-unused-vars
   256:3   warning  'D7click' is assigned a value but never used               no-unused-vars
   261:5   warning  'anodeClick' is assigned a value but never used            no-unused-vars
   303:31  warning  'paper' is not defined                                     no-undef
   306:31  warning  'paper' is not defined                                     no-undef
   309:31  warning  'paper' is not defined                                     no-undef
   323:32  warning  'paper' is not defined                                     no-undef
   326:32  warning  'paper' is not defined                                     no-undef
   348:31  warning  'paper' is not defined                                     no-undef
   351:31  warning  'paper' is not defined                                     no-undef
   354:31  warning  'paper' is not defined                                     no-undef
   367:30  warning  'paper' is not defined                                     no-undef
   370:30  warning  'paper' is not defined                                     no-undef
   393:30  warning  'paper' is not defined                                     no-undef
   396:30  warning  'paper' is not defined                                     no-undef
   399:30  warning  'paper' is not defined                                     no-undef
   413:30  warning  'paper' is not defined                                     no-undef
   416:30  warning  'paper' is not defined                                     no-undef
   440:30  warning  'paper' is not defined                                     no-undef
   443:30  warning  'paper' is not defined                                     no-undef
   446:30  warning  'paper' is not defined                                     no-undef
   461:30  warning  'paper' is not defined                                     no-undef
   464:30  warning  'paper' is not defined                                     no-undef
   488:30  warning  'paper' is not defined                                     no-undef
   491:30  warning  'paper' is not defined                                     no-undef
   494:30  warning  'paper' is not defined                                     no-undef
   497:30  warning  'paper' is not defined                                     no-undef
   511:30  warning  'paper' is not defined                                     no-undef
   514:30  warning  'paper' is not defined                                     no-undef
   517:30  warning  'paper' is not defined                                     no-undef
   542:30  warning  'paper' is not defined                                     no-undef
   545:30  warning  'paper' is not defined                                     no-undef
   548:30  warning  'paper' is not defined                                     no-undef
   551:30  warning  'paper' is not defined                                     no-undef
   565:30  warning  'paper' is not defined                                     no-undef
   568:30  warning  'paper' is not defined                                     no-undef
   571:30  warning  'paper' is not defined                                     no-undef
   597:30  warning  'paper' is not defined                                     no-undef
   600:30  warning  'paper' is not defined                                     no-undef
   603:30  warning  'paper' is not defined                                     no-undef
   606:30  warning  'paper' is not defined                                     no-undef
   620:30  warning  'paper' is not defined                                     no-undef
   623:30  warning  'paper' is not defined                                     no-undef
   626:30  warning  'paper' is not defined                                     no-undef
   650:30  warning  'paper' is not defined                                     no-undef
   653:30  warning  'paper' is not defined                                     no-undef
   656:30  warning  'paper' is not defined                                     no-undef
   659:30  warning  'paper' is not defined                                     no-undef
   673:30  warning  'paper' is not defined                                     no-undef
   676:30  warning  'paper' is not defined                                     no-undef
   679:30  warning  'paper' is not defined                                     no-undef
   701:6   warning  'anode_connection_arr' is assigned a value but never used  no-unused-vars
   732:10  warning  'toggleVisibility' is defined but never used               no-unused-vars
   742:3   warning  '$' is not defined                                         no-undef
   743:3   warning  'start' is not defined                                     no-undef
   751:10  warning  'createPopup' is defined but never used                    no-unused-vars
   753:16  warning  'paper' is not defined                                     no-undef
   759:16  warning  'paper' is not defined                                     no-undef
   766:17  warning  'paper' is not defined                                     no-undef
   785:30  warning  'paper' is not defined                                     no-undef
   788:30  warning  'paper' is not defined                                     no-undef
   791:30  warning  'paper' is not defined                                     no-undef
   801:30  warning  'paper' is not defined                                     no-undef
   804:30  warning  'paper' is not defined                                     no-undef
   807:30  warning  'paper' is not defined                                     no-undef
   816:30  warning  'paper' is not defined                                     no-undef
   819:30  warning  'paper' is not defined                                     no-undef
   822:30  warning  'paper' is not defined                                     no-undef
   831:30  warning  'paper' is not defined                                     no-undef
   834:30  warning  'paper' is not defined                                     no-undef
   837:30  warning  'paper' is not defined                                     no-undef
   845:30  warning  'paper' is not defined                                     no-undef
   848:30  warning  'paper' is not defined                                     no-undef
   851:30  warning  'paper' is not defined                                     no-undef
   854:30  warning  'paper' is not defined                                     no-undef
   863:30  warning  'paper' is not defined                                     no-undef
   866:30  warning  'paper' is not defined                                     no-undef
   869:30  warning  'paper' is not defined                                     no-undef
   872:30  warning  'paper' is not defined                                     no-undef
   881:30  warning  'paper' is not defined                                     no-undef
   884:30  warning  'paper' is not defined                                     no-undef
   887:30  warning  'paper' is not defined                                     no-undef
   890:30  warning  'paper' is not defined                                     no-undef
   899:30  warning  'paper' is not defined                                     no-undef
   902:30  warning  'paper' is not defined                                     no-undef
   905:30  warning  'paper' is not defined                                     no-undef
   908:30  warning  'paper' is not defined                                     no-undef
   932:30  warning  'paper' is not defined                                     no-undef
   935:30  warning  'paper' is not defined                                     no-undef
   944:30  warning  'paper' is not defined                                     no-undef
   947:30  warning  'paper' is not defined                                     no-undef
   955:30  warning  'paper' is not defined                                     no-undef
   958:30  warning  'paper' is not defined                                     no-undef
   966:30  warning  'paper' is not defined                                     no-undef
   969:30  warning  'paper' is not defined                                     no-undef
   976:30  warning  'paper' is not defined                                     no-undef
   979:30  warning  'paper' is not defined                                     no-undef
   982:30  warning  'paper' is not defined                                     no-undef
   990:30  warning  'paper' is not defined                                     no-undef
   993:30  warning  'paper' is not defined                                     no-undef
   996:30  warning  'paper' is not defined                                     no-undef
  1004:30  warning  'paper' is not defined                                     no-undef
  1007:30  warning  'paper' is not defined                                     no-undef
  1010:30  warning  'paper' is not defined                                     no-undef
  1018:30  warning  'paper' is not defined                                     no-undef
  1021:30  warning  'paper' is not defined                                     no-undef
  1024:30  warning  'paper' is not defined                                     no-undef
  1034:1   warning  Mixed spaces and tabs                                      no-mixed-spaces-and-tabs
  1038:10  warning  'AtoTconnection' is defined but never used                 no-unused-vars
  1041:27  warning  'paper' is not defined                                     no-undef
  1044:27  warning  'paper' is not defined                                     no-undef
  1051:27  warning  'paper' is not defined                                     no-undef
  1054:27  warning  'paper' is not defined                                     no-undef
  1060:27  warning  'paper' is not defined                                     no-undef
  1063:27  warning  'paper' is not defined                                     no-undef
  1069:27  warning  'paper' is not defined                                     no-undef
  1072:27  warning  'paper' is not defined                                     no-undef
  1078:27  warning  'paper' is not defined                                     no-undef
  1081:27  warning  'paper' is not defined                                     no-undef
  1084:27  warning  'paper' is not defined                                     no-undef
  1091:27  warning  'paper' is not defined                                     no-undef
  1094:27  warning  'paper' is not defined                                     no-undef
  1097:27  warning  'paper' is not defined                                     no-undef
  1104:27  warning  'paper' is not defined                                     no-undef
  1107:27  warning  'paper' is not defined                                     no-undef
  1110:27  warning  'paper' is not defined                                     no-undef
  1117:27  warning  'paper' is not defined                                     no-undef
  1120:27  warning  'paper' is not defined                                     no-undef
  1123:27  warning  'paper' is not defined                                     no-undef

/home/runner/work/exp-delay-generation-and-effect-coep/exp-delay-generation-and-effect-coep/experiment/simulation/src/toastr.min.js
  6:5072  warning  'define' is not defined   no-undef
  6:5083  warning  'define' is not defined   no-undef
  6:5132  warning  'module' is not defined   no-undef
  6:5147  warning  'module' is not defined   no-undef
  6:5164  warning  'require' is not defined  no-undef

✖ 509 problems (1 error, 508 warnings)

